lvl_library/build/intermediates/manifest_merge_blame_file/debug/processDebugManifest/manifest-merger-blame-debug-report.txt
1<?xml version="1.0" encoding="utf-8"?>
2<!--
3 Copyright (C) 2010 The Android Open Source Project
4
5     Licensed under the Apache License, Version 2.0 (the "License");
6     you may not use this file except in compliance with the License.
7     You may obtain a copy of the License at
8
9          http://www.apache.org/licenses/LICENSE-2.0
10
11     Unless required by applicable law or agreed to in writing, software
12     distributed under the License is distributed on an "AS IS" BASIS,
13     WITHOUT WARRANTIES OR CONDITIONS OF ANY KIND, either express or implied.
14     See the License for the specific language governing permissions and
15     limitations under the License.
16-->
17<manifest xmlns:android="http://schemas.android.com/apk/res/android"
18    package="com.google.android.vending.licensing"
19    android:versionCode="2"
20    android:versionName="1.5" > <!-- Devices >= 3 have version of Android Market that supports licensing. -->
21    <uses-sdk android:minSdkVersion="4" />
21-->src/main/AndroidManifest.xml:21:5-73
21-->src/main/AndroidManifest.xml:21:15-40
22    <!-- Required permission to check licensing. -->
23    <uses-permission android:name="com.android.vending.CHECK_LICENSE" />
23-->src/main/AndroidManifest.xml:23:5-73
23-->src/main/AndroidManifest.xml:23:22-70
24
25</manifest>